<?xml version="1.0" encoding="UTF-8"?>
<coverage generated="1789974460781" clover="3.2.0">
  <project timestamp="1789974460781" name="All files">
    <metrics statements="13" coveredstatements="3" conditionals="0" coveredconditionals="0" methods="5" coveredmethods="2" elements="18" coveredelements="5" complexity="0" loc="13" ncloc="13" packages="1" files="1" classes="1"/>
    <file name="catFact.js" path="C:\Users\Urim Eom\CS329\cat-fact-jest\catFact.js">
      <metrics statements="13" coveredstatements="3" conditionals="0" coveredconditionals="0" methods="5" coveredmethods="2"/>
      <line num="3" count="1" type="stmt"/>
      <line num="8" count="0" type="stmt"/>
      <line num="9" count="0" type="stmt"/>
      <line num="10" count="0" type="stmt"/>
      <line num="11" count="0" type="stmt"/>
      <line num="12" count="0" type="stmt"/>
      <line num="13" count="0" type="stmt"/>
      <line num="15" count="0" type="stmt"/>
      <line num="21" count="1" type="stmt"/>
      <line num="26" count="0" type="stmt"/>
      <line num="27" count="0" type="stmt"/>
      <line num="28" count="0" type="stmt"/>
      <line num="33" count="1" type="stmt"/>
    </file>
  </project>
</coverage>
